# JRE version: OpenJDK Runtime Environment (17.0.7) (build 17.0.7+0-b2043.56-10550314)
# Java VM: OpenJDK 64-Bit Server VM (17.0.7+0-b2043.56-10550314, mixed mode, tiered, compressed oops, compressed class ptrs, g1 gc, windows-amd64)
GC Precious Log:
 CPUs: 4 total, 4 available
 Memory: 1868M
 Large Page Support: Disabled
 NUMA Support: Disabled
 Compressed Oops: Enabled (32-bit)
 Heap Region Size: 1M
 Heap Min Capacity: 8M
 Heap Initial Capacity: 30M
 Heap Max Capacity: 2G
 Pre-touch: Disabled
 Parallel Workers: 4
 Concurrent Workers: 1
 Concurrent Refinement Workers: 4
 Periodic GC: Disabled
Heap:
 garbage-first heap   total 148480K, used 49901K [0x0000000080000000, 0x0000000100000000)
  region size 1024K, 6 young (6144K), 6 survivors (6144K)
 Metaspace       used 70164K, committed 70592K, reserved 1114112K
  class space    used 8962K, committed 9152K, reserved 1048576K
GC Heap History (20 events):
Event: 25.940 GC heap after
{Heap after GC invocations=41 (full 0):
 garbage-first heap   total 78848K, used 40813K [0x0000000080000000, 0x0000000100000000)
  region size 1024K, 4 young (4096K), 4 survivors (4096K)
 Metaspace       used 62383K, committed 62784K, reserved 1114112K
  class space    used 8283K, committed 8448K, reserved 1048576K
}
Event: 29.083 GC heap before
{Heap before GC invocations=41 (full 0):
 garbage-first heap   total 78848K, used 63341K [0x0000000080000000, 0x0000000100000000)
  region size 1024K, 26 young (26624K), 4 survivors (4096K)
 Metaspace       used 66715K, committed 67136K, reserved 1114112K
  class space    used 8827K, committed 9024K, reserved 1048576K
}
Event: 29.154 GC heap after
{Heap after GC invocations=42 (full 0):
 garbage-first heap   total 148480K, used 42056K [0x0000000080000000, 0x0000000100000000)
  region size 1024K, 2 young (2048K), 2 survivors (2048K)
 Metaspace       used 66715K, committed 67136K, reserved 1114112K
  class space    used 8827K, committed 9024K, reserved 1048576K
}
Event: 43.064 GC heap before
{Heap before GC invocations=43 (full 0):
 garbage-first heap   total 148480K, used 112712K [0x0000000080000000, 0x0000000100000000)
  region size 1024K, 72 young (73728K), 2 survivors (2048K)
 Metaspace       used 68698K, committed 69120K, reserved 1114112K
  class space    used 8899K, committed 9088K, reserved 1048576K
}
Event: 43.258 GC heap after
{Heap after GC invocations=44 (full 0):
 garbage-first heap   total 148480K, used 43973K [0x0000000080000000, 0x0000000100000000)
  region size 1024K, 4 young (4096K), 4 survivors (4096K)
 Metaspace       used 68698K, committed 69120K, reserved 1114112K
  class space    used 8899K, committed 9088K, reserved 1048576K
}
Event: 57.487 GC heap before
{Heap before GC invocations=44 (full 0):
 garbage-first heap   total 148480K, used 118725K [0x0000000080000000, 0x0000000100000000)
  region size 1024K, 78 young (79872K), 4 survivors (4096K)
 Metaspace       used 69198K, committed 69632K, reserved 1114112K
  class space    used 8904K, committed 9088K, reserved 1048576K
}
Event: 57.622 GC heap after
{Heap after GC invocations=45 (full 0):
 garbage-first heap   total 148480K, used 45622K [0x0000000080000000, 0x0000000100000000)
  region size 1024K, 5 young (5120K), 5 survivors (5120K)
 Metaspace       used 69198K, committed 69632K, reserved 1114112K
  class space    used 8904K, committed 9088K, reserved 1048576K
}
Event: 82.413 GC heap before
{Heap before GC invocations=45 (full 0):
 garbage-first heap   total 148480K, used 122422K [0x0000000080000000, 0x0000000100000000)
  region size 1024K, 80 young (81920K), 5 survivors (5120K)
 Metaspace       used 69396K, committed 69888K, reserved 1114112K
  class space    used 8921K, committed 9152K, reserved 1048576K
}
Event: 82.713 GC heap after
{Heap after GC invocations=46 (full 0):
 garbage-first heap   total 148480K, used 46059K [0x0000000080000000, 0x0000000100000000)
  region size 1024K, 6 young (6144K), 6 survivors (6144K)
 Metaspace       used 69396K, committed 69888K, reserved 1114112K
  class space    used 8921K, committed 9152K, reserved 1048576K
}
Event: 109.503 GC heap before
{Heap before GC invocations=46 (full 0):
 garbage-first heap   total 148480K, used 124907K [0x0000000080000000, 0x0000000100000000)
  region size 1024K, 83 young (84992K), 6 survivors (6144K)
 Metaspace       used 69470K, committed 69952K, reserved 1114112K
  class space    used 8921K, committed 9152K, reserved 1048576K
}
Event: 109.765 GC heap after
{Heap after GC invocations=47 (full 0):
 garbage-first heap   total 148480K, used 45874K [0x0000000080000000, 0x0000000100000000)
  region size 1024K, 6 young (6144K), 6 survivors (6144K)
 Metaspace       used 69470K, committed 69952K, reserved 1114112K
  class space    used 8921K, committed 9152K, reserved 1048576K
}
Event: 168.769 GC heap before
{Heap before GC invocations=47 (full 0):
 garbage-first heap   total 148480K, used 127794K [0x0000000080000000, 0x0000000100000000)
  region size 1024K, 84 young (86016K), 6 survivors (6144K)
 Metaspace       used 69688K, committed 70208K, reserved 1114112K
  class space    used 8935K, committed 9152K, reserved 1048576K
}
Event: 169.028 GC heap after
{Heap after GC invocations=48 (full 0):
 garbage-first heap   total 148480K, used 48652K [0x0000000080000000, 0x0000000100000000)
  region size 1024K, 6 young (6144K), 6 survivors (6144K)
 Metaspace       used 69688K, committed 70208K, reserved 1114112K
  class space    used 8935K, committed 9152K, reserved 1048576K
}
Event: 172.129 GC heap before
{Heap before GC invocations=48 (full 0):
 garbage-first heap   total 148480K, used 125452K [0x0000000080000000, 0x0000000100000000)
  region size 1024K, 82 young (83968K), 6 survivors (6144K)
 Metaspace       used 70102K, committed 70592K, reserved 1114112K
  class space    used 8962K, committed 9152K, reserved 1048576K
}
Event: 172.265 GC heap after
{Heap after GC invocations=49 (full 0):
 garbage-first heap   total 148480K, used 49413K [0x0000000080000000, 0x0000000100000000)
  region size 1024K, 6 young (6144K), 6 survivors (6144K)
 Metaspace       used 70102K, committed 70592K, reserved 1114112K
  class space    used 8962K, committed 9152K, reserved 1048576K
}
Event: 173.278 GC heap before
{Heap before GC invocations=49 (full 0):
 garbage-first heap   total 148480K, used 125189K [0x0000000080000000, 0x0000000100000000)
  region size 1024K, 81 young (82944K), 6 survivors (6144K)
 Metaspace       used 70124K, committed 70592K, reserved 1114112K
  class space    used 8962K, committed 9152K, reserved 1048576K
}
Event: 173.286 GC heap after
{Heap after GC invocations=50 (full 0):
 garbage-first heap   total 148480K, used 49901K [0x0000000080000000, 0x0000000100000000)
  region size 1024K, 6 young (6144K), 6 survivors (6144K)
 Metaspace       used 70124K, committed 70592K, reserved 1114112K
  class space    used 8962K, committed 9152K, reserved 1048576K
}
Event: 173.912 GC heap before
{Heap before GC invocations=50 (full 0):
 garbage-first heap   total 148480K, used 126701K [0x0000000080000000, 0x0000000100000000)
  region size 1024K, 81 young (82944K), 6 survivors (6144K)
 Metaspace       used 70149K, committed 70592K, reserved 1114112K
  class space    used 8962K, committed 9152K, reserved 1048576K
}
Event: 173.919 GC heap after
{Heap after GC invocations=51 (full 0):
 garbage-first heap   total 148480K, used 49427K [0x0000000080000000, 0x0000000100000000)
  region size 1024K, 6 young (6144K), 6 survivors (6144K)
 Metaspace       used 70149K, committed 70592K, reserved 1114112K
  class space    used 8962K, committed 9152K, reserved 1048576K
}
Event: 174.397 GC heap before
{Heap before GC invocations=51 (full 0):
 garbage-first heap   total 148480K, used 125203K [0x0000000080000000, 0x0000000100000000)
  region size 1024K, 81 young (82944K), 6 survivors (6144K)
 Metaspace       used 70164K, committed 70592K, reserved 1114112K
  class space    used 8962K, committed 9152K, reserved 1048576K
}

