# JRE version: OpenJDK Runtime Environment (17.0.7) (build 17.0.7+0-b2043.56-10550314)
# Java VM: OpenJDK 64-Bit Server VM (17.0.7+0-b2043.56-10550314, mixed mode, tiered, compressed oops, compressed class ptrs, g1 gc, windows-amd64)
GC Precious Log:
 CPUs: 4 total, 4 available
 Memory: 1868M
 Large Page Support: Disabled
 NUMA Support: Disabled
 Compressed Oops: Enabled (32-bit)
 Heap Region Size: 1M
 Heap Min Capacity: 8M
 Heap Initial Capacity: 30M
 Heap Max Capacity: 2G
 Pre-touch: Disabled
 Parallel Workers: 4
 Concurrent Workers: 1
 Concurrent Refinement Workers: 4
 Periodic GC: Disabled
Heap:
 garbage-first heap   total 219136K, used 143689K [0x0000000080000000, 0x0000000100000000)
  region size 1024K, 81 young (82944K), 2 survivors (2048K)
 Metaspace       used 78660K, committed 79296K, reserved 1179648K
  class space    used 10645K, committed 10944K, reserved 1048576K
GC Heap History (20 events):
Event: 43.597 GC heap before
{Heap before GC invocations=66 (full 0):
 garbage-first heap   total 96256K, used 59130K [0x0000000080000000, 0x0000000100000000)
  region size 1024K, 6 young (6144K), 2 survivors (2048K)
 Metaspace       used 65464K, committed 66048K, reserved 1114112K
  class space    used 8634K, committed 8896K, reserved 1048576K
}
Event: 43.601 GC heap after
{Heap after GC invocations=67 (full 0):
 garbage-first heap   total 96256K, used 57858K [0x0000000080000000, 0x0000000100000000)
  region size 1024K, 2 young (2048K), 2 survivors (2048K)
 Metaspace       used 65464K, committed 66048K, reserved 1114112K
  class space    used 8634K, committed 8896K, reserved 1048576K
}
Event: 43.817 GC heap before
{Heap before GC invocations=68 (full 0):
 garbage-first heap   total 107520K, used 64002K [0x0000000080000000, 0x0000000100000000)
  region size 1024K, 8 young (8192K), 2 survivors (2048K)
 Metaspace       used 65469K, committed 66048K, reserved 1114112K
  class space    used 8634K, committed 8896K, reserved 1048576K
}
Event: 43.829 GC heap after
{Heap after GC invocations=69 (full 0):
 garbage-first heap   total 107520K, used 59841K [0x0000000080000000, 0x0000000100000000)
  region size 1024K, 2 young (2048K), 2 survivors (2048K)
 Metaspace       used 65469K, committed 66048K, reserved 1114112K
  class space    used 8634K, committed 8896K, reserved 1048576K
}
Event: 45.090 GC heap before
{Heap before GC invocations=70 (full 0):
 garbage-first heap   total 109568K, used 79297K [0x0000000080000000, 0x0000000100000000)
  region size 1024K, 19 young (19456K), 2 survivors (2048K)
 Metaspace       used 66653K, committed 67200K, reserved 1114112K
  class space    used 8794K, committed 9024K, reserved 1048576K
}
Event: 45.096 GC heap after
{Heap after GC invocations=71 (full 0):
 garbage-first heap   total 109568K, used 59850K [0x0000000080000000, 0x0000000100000000)
  region size 1024K, 2 young (2048K), 2 survivors (2048K)
 Metaspace       used 66653K, committed 67200K, reserved 1114112K
  class space    used 8794K, committed 9024K, reserved 1048576K
}
Event: 45.247 GC heap before
{Heap before GC invocations=71 (full 0):
 garbage-first heap   total 109568K, used 62922K [0x0000000080000000, 0x0000000100000000)
  region size 1024K, 5 young (5120K), 2 survivors (2048K)
 Metaspace       used 66898K, committed 67392K, reserved 1114112K
  class space    used 8824K, committed 9024K, reserved 1048576K
}
Event: 45.254 GC heap after
{Heap after GC invocations=72 (full 0):
 garbage-first heap   total 109568K, used 59441K [0x0000000080000000, 0x0000000100000000)
  region size 1024K, 1 young (1024K), 1 survivors (1024K)
 Metaspace       used 66898K, committed 67392K, reserved 1114112K
  class space    used 8824K, committed 9024K, reserved 1048576K
}
Event: 46.062 GC heap before
{Heap before GC invocations=72 (full 0):
 garbage-first heap   total 109568K, used 79921K [0x0000000080000000, 0x0000000100000000)
  region size 1024K, 21 young (21504K), 1 survivors (1024K)
 Metaspace       used 68422K, committed 68928K, reserved 1114112K
  class space    used 9033K, committed 9280K, reserved 1048576K
}
Event: 46.069 GC heap after
{Heap after GC invocations=73 (full 0):
 garbage-first heap   total 109568K, used 60453K [0x0000000080000000, 0x0000000100000000)
  region size 1024K, 2 young (2048K), 2 survivors (2048K)
 Metaspace       used 68422K, committed 68928K, reserved 1114112K
  class space    used 9033K, committed 9280K, reserved 1048576K
}
Event: 47.880 GC heap before
{Heap before GC invocations=74 (full 0):
 garbage-first heap   total 109568K, used 78885K [0x0000000080000000, 0x0000000100000000)
  region size 1024K, 24 young (24576K), 2 survivors (2048K)
 Metaspace       used 69738K, committed 70336K, reserved 1114112K
  class space    used 9215K, committed 9472K, reserved 1048576K
}
Event: 47.905 GC heap after
{Heap after GC invocations=75 (full 0):
 garbage-first heap   total 109568K, used 59392K [0x0000000080000000, 0x0000000100000000)
  region size 1024K, 3 young (3072K), 3 survivors (3072K)
 Metaspace       used 69738K, committed 70336K, reserved 1114112K
  class space    used 9215K, committed 9472K, reserved 1048576K
}
Event: 47.969 GC heap before
{Heap before GC invocations=75 (full 0):
 garbage-first heap   total 109568K, used 61440K [0x0000000080000000, 0x0000000100000000)
  region size 1024K, 5 young (5120K), 3 survivors (3072K)
 Metaspace       used 69749K, committed 70336K, reserved 1114112K
  class space    used 9216K, committed 9472K, reserved 1048576K
}
Event: 48.004 GC heap after
{Heap after GC invocations=76 (full 0):
 garbage-first heap   total 109568K, used 59606K [0x0000000080000000, 0x0000000100000000)
  region size 1024K, 1 young (1024K), 1 survivors (1024K)
 Metaspace       used 69749K, committed 70336K, reserved 1114112K
  class space    used 9216K, committed 9472K, reserved 1048576K
}
Event: 49.044 GC heap before
{Heap before GC invocations=76 (full 0):
 garbage-first heap   total 109568K, used 85206K [0x0000000080000000, 0x0000000100000000)
  region size 1024K, 26 young (26624K), 1 survivors (1024K)
 Metaspace       used 69804K, committed 70336K, reserved 1114112K
  class space    used 9221K, committed 9472K, reserved 1048576K
}
Event: 49.063 GC heap after
{Heap after GC invocations=77 (full 0):
 garbage-first heap   total 109568K, used 61140K [0x0000000080000000, 0x0000000100000000)
  region size 1024K, 3 young (3072K), 3 survivors (3072K)
 Metaspace       used 69804K, committed 70336K, reserved 1114112K
  class space    used 9221K, committed 9472K, reserved 1048576K
}
Event: 51.202 GC heap before
{Heap before GC invocations=78 (full 0):
 garbage-first heap   total 109568K, used 85716K [0x0000000080000000, 0x0000000100000000)
  region size 1024K, 28 young (28672K), 3 survivors (3072K)
 Metaspace       used 71758K, committed 72256K, reserved 1114112K
  class space    used 9492K, committed 9728K, reserved 1048576K
}
Event: 51.233 GC heap after
{Heap after GC invocations=79 (full 0):
 garbage-first heap   total 109568K, used 62423K [0x0000000080000000, 0x0000000100000000)
  region size 1024K, 4 young (4096K), 4 survivors (4096K)
 Metaspace       used 71758K, committed 72256K, reserved 1114112K
  class space    used 9492K, committed 9728K, reserved 1048576K
}
Event: 51.601 GC heap before
{Heap before GC invocations=79 (full 0):
 garbage-first heap   total 109568K, used 66519K [0x0000000080000000, 0x0000000100000000)
  region size 1024K, 10 young (10240K), 4 survivors (4096K)
 Metaspace       used 72182K, committed 72704K, reserved 1114112K
  class space    used 9546K, committed 9792K, reserved 1048576K
}
Event: 51.625 GC heap after
{Heap after GC invocations=80 (full 0):
 garbage-first heap   total 219136K, used 62793K [0x0000000080000000, 0x0000000100000000)
  region size 1024K, 2 young (2048K), 2 survivors (2048K)
 Metaspace       used 72182K, committed 72704K, reserved 1114112K
  class space    used 9546K, committed 9792K, reserved 1048576K
}

