# JRE version: OpenJDK Runtime Environment (17.0.7) (build 17.0.7+0-b2043.56-10550314)
# Java VM: OpenJDK 64-Bit Server VM (17.0.7+0-b2043.56-10550314, mixed mode, tiered, compressed oops, compressed class ptrs, g1 gc, windows-amd64)
GC Precious Log:
 CPUs: 4 total, 4 available
 Memory: 1868M
 Large Page Support: Disabled
 NUMA Support: Disabled
 Compressed Oops: Enabled (32-bit)
 Heap Region Size: 1M
 Heap Min Capacity: 8M
 Heap Initial Capacity: 30M
 Heap Max Capacity: 2G
 Pre-touch: Disabled
 Parallel Workers: 4
 Concurrent Workers: 1
 Concurrent Refinement Workers: 4
 Periodic GC: Disabled
Heap:
 garbage-first heap   total 112640K, used 49002K [0x0000000080000000, 0x0000000100000000)
  region size 1024K, 23 young (23552K), 3 survivors (3072K)
 Metaspace       used 44938K, committed 45312K, reserved 1114112K
  class space    used 5949K, committed 6080K, reserved 1048576K
GC Heap History (20 events):
Event: 41.218 GC heap before
{Heap before GC invocations=17 (full 0):
 garbage-first heap   total 34816K, used 26911K [0x0000000080000000, 0x0000000100000000)
  region size 1024K, 9 young (9216K), 1 survivors (1024K)
 Metaspace       used 23331K, committed 23552K, reserved 1114112K
  class space    used 2889K, committed 3008K, reserved 1048576K
}
Event: 41.235 GC heap after
{Heap after GC invocations=18 (full 0):
 garbage-first heap   total 34816K, used 19077K [0x0000000080000000, 0x0000000100000000)
  region size 1024K, 2 young (2048K), 2 survivors (2048K)
 Metaspace       used 23331K, committed 23552K, reserved 1114112K
  class space    used 2889K, committed 3008K, reserved 1048576K
}
Event: 42.016 GC heap before
{Heap before GC invocations=18 (full 0):
 garbage-first heap   total 34816K, used 26245K [0x0000000080000000, 0x0000000100000000)
  region size 1024K, 9 young (9216K), 2 survivors (2048K)
 Metaspace       used 24296K, committed 24576K, reserved 1114112K
  class space    used 3074K, committed 3200K, reserved 1048576K
}
Event: 42.021 GC heap after
{Heap after GC invocations=19 (full 0):
 garbage-first heap   total 58368K, used 19451K [0x0000000080000000, 0x0000000100000000)
  region size 1024K, 2 young (2048K), 2 survivors (2048K)
 Metaspace       used 24296K, committed 24576K, reserved 1114112K
  class space    used 3074K, committed 3200K, reserved 1048576K
}
Event: 43.897 GC heap before
{Heap before GC invocations=20 (full 0):
 garbage-first heap   total 58368K, used 44027K [0x0000000080000000, 0x0000000100000000)
  region size 1024K, 26 young (26624K), 2 survivors (2048K)
 Metaspace       used 27573K, committed 27840K, reserved 1114112K
  class space    used 3655K, committed 3776K, reserved 1048576K
}
Event: 43.906 GC heap after
{Heap after GC invocations=21 (full 0):
 garbage-first heap   total 58368K, used 21160K [0x0000000080000000, 0x0000000100000000)
  region size 1024K, 4 young (4096K), 4 survivors (4096K)
 Metaspace       used 27573K, committed 27840K, reserved 1114112K
  class space    used 3655K, committed 3776K, reserved 1048576K
}
Event: 44.981 GC heap before
{Heap before GC invocations=21 (full 0):
 garbage-first heap   total 58368K, used 43688K [0x0000000080000000, 0x0000000100000000)
  region size 1024K, 26 young (26624K), 4 survivors (4096K)
 Metaspace       used 30798K, committed 31104K, reserved 1114112K
  class space    used 4177K, committed 4288K, reserved 1048576K
}
Event: 44.998 GC heap after
{Heap after GC invocations=22 (full 0):
 garbage-first heap   total 58368K, used 22229K [0x0000000080000000, 0x0000000100000000)
  region size 1024K, 3 young (3072K), 3 survivors (3072K)
 Metaspace       used 30798K, committed 31104K, reserved 1114112K
  class space    used 4177K, committed 4288K, reserved 1048576K
}
Event: 46.213 GC heap before
{Heap before GC invocations=22 (full 0):
 garbage-first heap   total 58368K, used 45781K [0x0000000080000000, 0x0000000100000000)
  region size 1024K, 26 young (26624K), 3 survivors (3072K)
 Metaspace       used 34229K, committed 34496K, reserved 1114112K
  class space    used 4700K, committed 4800K, reserved 1048576K
}
Event: 46.229 GC heap after
{Heap after GC invocations=23 (full 0):
 garbage-first heap   total 58368K, used 23153K [0x0000000080000000, 0x0000000100000000)
  region size 1024K, 2 young (2048K), 2 survivors (2048K)
 Metaspace       used 34229K, committed 34496K, reserved 1114112K
  class space    used 4700K, committed 4800K, reserved 1048576K
}
Event: 48.043 GC heap before
{Heap before GC invocations=23 (full 0):
 garbage-first heap   total 58368K, used 45681K [0x0000000080000000, 0x0000000100000000)
  region size 1024K, 25 young (25600K), 2 survivors (2048K)
 Metaspace       used 39849K, committed 40192K, reserved 1114112K
  class space    used 5347K, committed 5504K, reserved 1048576K
}
Event: 48.058 GC heap after
{Heap after GC invocations=24 (full 0):
 garbage-first heap   total 58368K, used 25702K [0x0000000080000000, 0x0000000100000000)
  region size 1024K, 4 young (4096K), 4 survivors (4096K)
 Metaspace       used 39849K, committed 40192K, reserved 1114112K
  class space    used 5347K, committed 5504K, reserved 1048576K
}
Event: 48.215 GC heap before
{Heap before GC invocations=24 (full 0):
 garbage-first heap   total 58368K, used 27750K [0x0000000080000000, 0x0000000100000000)
  region size 1024K, 8 young (8192K), 4 survivors (4096K)
 Metaspace       used 40600K, committed 40960K, reserved 1114112K
  class space    used 5426K, committed 5568K, reserved 1048576K
}
Event: 48.248 GC heap after
{Heap after GC invocations=25 (full 0):
 garbage-first heap   total 58368K, used 26451K [0x0000000080000000, 0x0000000100000000)
  region size 1024K, 1 young (1024K), 1 survivors (1024K)
 Metaspace       used 40600K, committed 40960K, reserved 1114112K
  class space    used 5426K, committed 5568K, reserved 1048576K
}
Event: 49.202 GC heap before
{Heap before GC invocations=26 (full 0):
 garbage-first heap   total 58368K, used 46931K [0x0000000080000000, 0x0000000100000000)
  region size 1024K, 21 young (21504K), 1 survivors (1024K)
 Metaspace       used 41239K, committed 41536K, reserved 1114112K
  class space    used 5484K, committed 5632K, reserved 1048576K
}
Event: 49.216 GC heap after
{Heap after GC invocations=27 (full 0):
 garbage-first heap   total 58368K, used 28261K [0x0000000080000000, 0x0000000100000000)
  region size 1024K, 3 young (3072K), 3 survivors (3072K)
 Metaspace       used 41239K, committed 41536K, reserved 1114112K
  class space    used 5484K, committed 5632K, reserved 1048576K
}
Event: 49.244 GC heap before
{Heap before GC invocations=27 (full 0):
 garbage-first heap   total 58368K, used 29285K [0x0000000080000000, 0x0000000100000000)
  region size 1024K, 4 young (4096K), 3 survivors (3072K)
 Metaspace       used 41246K, committed 41600K, reserved 1114112K
  class space    used 5484K, committed 5632K, reserved 1048576K
}
Event: 49.257 GC heap after
{Heap after GC invocations=28 (full 0):
 garbage-first heap   total 58368K, used 27693K [0x0000000080000000, 0x0000000100000000)
  region size 1024K, 1 young (1024K), 1 survivors (1024K)
 Metaspace       used 41246K, committed 41600K, reserved 1114112K
  class space    used 5484K, committed 5632K, reserved 1048576K
}
Event: 50.619 GC heap before
{Heap before GC invocations=28 (full 0):
 garbage-first heap   total 58368K, used 50221K [0x0000000080000000, 0x0000000100000000)
  region size 1024K, 19 young (19456K), 1 survivors (1024K)
 Metaspace       used 43449K, committed 43904K, reserved 1114112K
  class space    used 5703K, committed 5888K, reserved 1048576K
}
Event: 50.630 GC heap after
{Heap after GC invocations=29 (full 0):
 garbage-first heap   total 116736K, used 29546K [0x0000000080000000, 0x0000000100000000)
  region size 1024K, 3 young (3072K), 3 survivors (3072K)
 Metaspace       used 43449K, committed 43904K, reserved 1114112K
  class space    used 5703K, committed 5888K, reserved 1048576K
}

