# JRE version: OpenJDK Runtime Environment (17.0.7) (build 17.0.7+0-b2043.56-10550314)
# Java VM: OpenJDK 64-Bit Server VM (17.0.7+0-b2043.56-10550314, mixed mode, tiered, compressed oops, compressed class ptrs, g1 gc, windows-amd64)
GC Precious Log:
 CPUs: 4 total, 4 available
 Memory: 1868M
 Large Page Support: Disabled
 NUMA Support: Disabled
 Compressed Oops: Enabled (32-bit)
 Heap Region Size: 1M
 Heap Min Capacity: 8M
 Heap Initial Capacity: 30M
 Heap Max Capacity: 2G
 Pre-touch: Disabled
 Parallel Workers: 4
 Concurrent Workers: 1
 Concurrent Refinement Workers: 4
 Periodic GC: Disabled
Heap:
 garbage-first heap   total 391168K, used 186693K [0x0000000080000000, 0x0000000100000000)
  region size 1024K, 7 young (7168K), 7 survivors (7168K)
 Metaspace       used 125278K, committed 126144K, reserved 1179648K
  class space    used 16739K, committed 17152K, reserved 1048576K
GC Heap History (20 events):
Event: 115.026 GC heap after
{Heap after GC invocations=88 (full 0):
 garbage-first heap   total 262144K, used 132365K [0x0000000080000000, 0x0000000100000000)
  region size 1024K, 8 young (8192K), 8 survivors (8192K)
 Metaspace       used 105761K, committed 106496K, reserved 1179648K
  class space    used 13977K, committed 14336K, reserved 1048576K
}
Event: 115.848 GC heap before
{Heap before GC invocations=88 (full 0):
 garbage-first heap   total 262144K, used 205069K [0x0000000080000000, 0x0000000100000000)
  region size 1024K, 80 young (81920K), 8 survivors (8192K)
 Metaspace       used 106816K, committed 107520K, reserved 1179648K
  class space    used 14121K, committed 14464K, reserved 1048576K
}
Event: 115.884 GC heap after
{Heap after GC invocations=89 (full 0):
 garbage-first heap   total 262144K, used 133828K [0x0000000080000000, 0x0000000100000000)
  region size 1024K, 7 young (7168K), 7 survivors (7168K)
 Metaspace       used 106816K, committed 107520K, reserved 1179648K
  class space    used 14121K, committed 14464K, reserved 1048576K
}
Event: 116.992 GC heap before
{Heap before GC invocations=89 (full 0):
 garbage-first heap   total 262144K, used 210628K [0x0000000080000000, 0x0000000100000000)
  region size 1024K, 83 young (84992K), 7 survivors (7168K)
 Metaspace       used 107298K, committed 108032K, reserved 1179648K
  class space    used 14185K, committed 14528K, reserved 1048576K
}
Event: 117.028 GC heap after
{Heap after GC invocations=90 (full 0):
 garbage-first heap   total 391168K, used 137551K [0x0000000080000000, 0x0000000100000000)
  region size 1024K, 9 young (9216K), 9 survivors (9216K)
 Metaspace       used 107298K, committed 108032K, reserved 1179648K
  class space    used 14185K, committed 14528K, reserved 1048576K
}
Event: 121.068 GC heap before
{Heap before GC invocations=90 (full 0):
 garbage-first heap   total 391168K, used 308559K [0x0000000080000000, 0x0000000100000000)
  region size 1024K, 175 young (179200K), 9 survivors (9216K)
 Metaspace       used 112399K, committed 113152K, reserved 1179648K
  class space    used 14887K, committed 15296K, reserved 1048576K
}
Event: 121.112 GC heap after
{Heap after GC invocations=91 (full 0):
 garbage-first heap   total 391168K, used 145827K [0x0000000080000000, 0x0000000100000000)
  region size 1024K, 17 young (17408K), 17 survivors (17408K)
 Metaspace       used 112399K, committed 113152K, reserved 1179648K
  class space    used 14887K, committed 15296K, reserved 1048576K
}
Event: 122.750 GC heap before
{Heap before GC invocations=91 (full 0):
 garbage-first heap   total 391168K, used 318883K [0x0000000080000000, 0x0000000100000000)
  region size 1024K, 187 young (191488K), 17 survivors (17408K)
 Metaspace       used 117465K, committed 118272K, reserved 1179648K
  class space    used 15670K, committed 16064K, reserved 1048576K
}
Event: 123.038 GC heap after
{Heap after GC invocations=92 (full 0):
 garbage-first heap   total 391168K, used 169776K [0x0000000080000000, 0x0000000100000000)
  region size 1024K, 24 young (24576K), 24 survivors (24576K)
 Metaspace       used 117465K, committed 118272K, reserved 1179648K
  class space    used 15670K, committed 16064K, reserved 1048576K
}
Event: 123.468 GC heap before
{Heap before GC invocations=92 (full 0):
 garbage-first heap   total 391168K, used 231216K [0x0000000080000000, 0x0000000100000000)
  region size 1024K, 84 young (86016K), 24 survivors (24576K)
 Metaspace       used 118635K, committed 119424K, reserved 1179648K
  class space    used 15908K, committed 16320K, reserved 1048576K
}
Event: 123.603 GC heap after
{Heap after GC invocations=93 (full 0):
 garbage-first heap   total 391168K, used 180224K [0x0000000080000000, 0x0000000100000000)
  region size 1024K, 10 young (10240K), 10 survivors (10240K)
 Metaspace       used 118635K, committed 119424K, reserved 1179648K
  class space    used 15908K, committed 16320K, reserved 1048576K
}
Event: 126.384 GC heap before
{Heap before GC invocations=93 (full 0):
 garbage-first heap   total 391168K, used 299008K [0x0000000080000000, 0x0000000100000000)
  region size 1024K, 127 young (130048K), 10 survivors (10240K)
 Metaspace       used 122608K, committed 123392K, reserved 1179648K
  class space    used 16456K, committed 16832K, reserved 1048576K
}
Event: 126.444 GC heap after
{Heap after GC invocations=94 (full 0):
 garbage-first heap   total 391168K, used 182784K [0x0000000080000000, 0x0000000100000000)
  region size 1024K, 3 young (3072K), 3 survivors (3072K)
 Metaspace       used 122608K, committed 123392K, reserved 1179648K
  class space    used 16456K, committed 16832K, reserved 1048576K
}
Event: 129.382 GC heap before
{Heap before GC invocations=94 (full 0):
 garbage-first heap   total 391168K, used 315904K [0x0000000080000000, 0x0000000100000000)
  region size 1024K, 133 young (136192K), 3 survivors (3072K)
 Metaspace       used 123785K, committed 124608K, reserved 1179648K
  class space    used 16524K, committed 16896K, reserved 1048576K
}
Event: 129.408 GC heap after
{Heap after GC invocations=95 (full 0):
 garbage-first heap   total 391168K, used 183275K [0x0000000080000000, 0x0000000100000000)
  region size 1024K, 4 young (4096K), 4 survivors (4096K)
 Metaspace       used 123785K, committed 124608K, reserved 1179648K
  class space    used 16524K, committed 16896K, reserved 1048576K
}
Event: 132.798 GC heap before
{Heap before GC invocations=95 (full 0):
 garbage-first heap   total 391168K, used 321515K [0x0000000080000000, 0x0000000100000000)
  region size 1024K, 139 young (142336K), 4 survivors (4096K)
 Metaspace       used 124572K, committed 125376K, reserved 1179648K
  class space    used 16642K, committed 17024K, reserved 1048576K
}
Event: 132.899 GC heap after
{Heap after GC invocations=96 (full 0):
 garbage-first heap   total 391168K, used 183988K [0x0000000080000000, 0x0000000100000000)
  region size 1024K, 5 young (5120K), 5 survivors (5120K)
 Metaspace       used 124572K, committed 125376K, reserved 1179648K
  class space    used 16642K, committed 17024K, reserved 1048576K
}
Event: 134.878 GC heap before
{Heap before GC invocations=96 (full 0):
 garbage-first heap   total 391168K, used 325300K [0x0000000080000000, 0x0000000100000000)
  region size 1024K, 144 young (147456K), 5 survivors (5120K)
 Metaspace       used 125151K, committed 125888K, reserved 1179648K
  class space    used 16717K, committed 17088K, reserved 1048576K
}
Event: 134.945 GC heap after
{Heap after GC invocations=97 (full 0):
 garbage-first heap   total 391168K, used 184454K [0x0000000080000000, 0x0000000100000000)
  region size 1024K, 5 young (5120K), 5 survivors (5120K)
 Metaspace       used 125151K, committed 125888K, reserved 1179648K
  class space    used 16717K, committed 17088K, reserved 1048576K
}
Event: 136.571 GC heap before
{Heap before GC invocations=97 (full 0):
 garbage-first heap   total 391168K, used 330886K [0x0000000080000000, 0x0000000100000000)
  region size 1024K, 148 young (151552K), 5 survivors (5120K)
 Metaspace       used 125278K, committed 126144K, reserved 1179648K
  class space    used 16739K, committed 17152K, reserved 1048576K
}

